IQ-TREE version 3.0.1 for Linux x86 64-bit built Jul  9 2025
Developed by Bui Quang Minh, Thomas Wong, Nhan Ly-Trong, Huaiyan Ren
Contributed by Lam-Tung Nguyen, Dominik Schrempf, Chris Bielow,
Olga Chernomor, Michael Woodhams, Diep Thi Hoang, Heiko Schmidt

Host:    DESKTOP-PD8DKP8 (AVX2, FMA3, 7 GB RAM)
Command: iqtree -s COI_outgroup.pterois
Seed:    585815 (Using SPRNG - Scalable Parallel Random Number Generator)
Time:    Wed Feb 25 20:10:47 2026
Kernel:  AVX+FMA - 1 threads (12 CPU cores detected)

HINT: Use -nt option to specify number of threads because your CPU has 12 cores!
HINT: -nt AUTO will automatically determine the best number of threads to use.

Reading alignment file COI_outgroup.pterois ... Fasta format detected
Reading fasta file: done in 0.00487282 secs
Alignment most likely contains DNA/RNA sequences
Constructing alignment: done in 0.000680442 secs
Alignment has 237 sequences with 409 columns, 158 distinct patterns
137 parsimony-informative, 15 singleton sites, 257 constant sites
WARNING: Some sequence names are changed as follows:
JQ354350.1_(reversed) -> JQ354350.1__reversed_
JQ354356.1_(reversed) -> JQ354356.1__reversed_
JQ354352.1_(reversed) -> JQ354352.1__reversed_
JQ354367.1_(reversed) -> JQ354367.1__reversed_

                       Gap/Ambiguity  Composition  p-value
Analyzing sequences: done in 4.5925e-05 secs
   1  MG204995.1               1.47%    passed     98.82%
   2  LK022697.1               0.73%    passed     72.32%
   3  MK560682.1               0.00%    passed     98.44%
   4  NC_053985.1              0.73%    passed     97.73%
   5  OR641519.1               0.73%    passed     96.14%
   6  OP035291.1               0.73%    passed     99.25%
   7  DQ678315.1               0.73%    passed     99.69%
   8  DQ678391.1               0.73%    passed     98.59%
   9  DQ678337.1               0.73%    passed     99.97%
  10  DQ678373.1               0.73%    passed     99.74%
  11  DQ678407.1               0.73%    passed     98.95%
  12  DQ678372.1               0.73%    passed     98.77%
  13  DQ678389.1               0.73%    passed     98.77%
  14  DQ678393.1_1             0.73%    passed     99.67%
  15  DQ678394.1               0.73%    passed     97.55%
  16  DQ678340.1_1             0.73%    passed     99.25%
  17  DQ678340.1_2             0.73%    passed     99.25%
  18  DQ678385.1               0.73%    passed     99.10%
  19  DQ678383.1               0.73%    passed     99.95%
  20  DQ678340.1_3             0.73%    passed     99.25%
  21  DQ678335.1               0.73%    passed     97.55%
  22  DQ678339.1               0.73%    passed     99.82%
  23  DQ678382.1               0.73%    passed     63.54%
  24  DQ678367.1               0.73%    passed     99.62%
  25  DQ678405.1               0.73%    passed     93.83%
  26  DQ678366.1               0.73%    passed     98.59%
  27  DQ678363.1               0.73%    passed     99.25%
  28  DQ678318.1_1             0.73%    passed     97.35%
  29  DQ678359.1               0.73%    passed     96.43%
  30  DQ678360.1               0.73%    passed     99.63%
  31  DQ678319.1               0.73%    passed     97.67%
  32  DQ678387.1               0.73%    passed     97.08%
  33  DQ678400.1               0.73%    passed     96.28%
  34  DQ678318.1_2             0.73%    passed     97.35%
  35  DQ678356.1               0.73%    passed     99.31%
  36  DQ678357.1_1             0.73%    passed     98.71%
  37  DQ678357.1_2             0.73%    passed     98.71%
  38  DQ678316.1               0.73%    passed     99.74%
  39  DQ678326.1               0.73%    passed     79.48%
  40  DQ678406.1_1             0.73%    passed     98.77%
  41  DQ678320.1               0.73%    passed     95.92%
  42  DQ678399.1               0.73%    passed     92.40%
  43  DQ678406.1_2             0.73%    passed     98.77%
  44  DQ678406.1_3             0.73%    passed     98.77%
  45  DQ678352.1               0.73%    passed     97.56%
  46  DQ678311.1               0.73%    passed     96.37%
  47  DQ678395.1_1             0.73%    passed     99.45%
  48  DQ678395.1_2             0.73%    passed     99.45%
  49  DQ678346.1               0.73%    passed     99.67%
  50  DQ678325.1               0.73%    passed     92.13%
  51  DQ678386.1               0.73%    passed     97.20%
  52  DQ678384.1               0.73%    passed     87.71%
  53  DQ678317.1_1             0.73%    passed     99.36%
  54  DQ678332.1               0.73%    passed     99.97%
  55  DQ678317.1_2             0.73%    passed     99.36%
  56  DQ678412.1               0.73%    passed     98.95%
  57  DQ678317.1_3             0.73%    passed     99.36%
  58  DQ678388.1               0.73%    passed     98.81%
  59  DQ678393.1_2             0.73%    passed     99.67%
  60  DQ678392.1               0.73%    passed     99.95%
  61  DQ678333.1               0.73%    passed     97.56%
  62  DQ678344.1               0.73%    passed     97.72%
  63  FJ501252.1               0.73%    passed     88.02%
  64  FJ501256.1               0.73%    passed     99.90%
  65  GQ260056.1               0.73%    passed     99.00%
  66  GQ254406.1_1             0.73%    passed     97.72%
  67  GQ254406.1_2             0.73%    passed     97.72%
  68  GQ254406.1_3             0.73%    passed     97.72%
  69  GQ260059.1               0.73%    passed     96.00%
  70  FJ501257.1               0.73%    passed     99.90%
  71  GQ254408.1               0.73%    passed     98.95%
  72  GQ254302.1               0.73%    passed     97.56%
  73  GQ254306.1               0.73%    passed     99.67%
  74  GQ254402.1               0.73%    passed     96.00%
  75  GQ254403.1               0.73%    passed     92.74%
  76  GQ254404.1               0.73%    passed     96.43%
  77  GQ254304.1_1             0.73%    passed     99.97%
  78  GQ254304.1_2             0.73%    passed     99.97%
  79  HM180864.1               0.73%    passed     96.14%
  80  GQ254413.1               0.73%    passed     98.95%
  81  GQ254412.1_1             0.73%    passed     98.95%
  82  GQ254412.1_2             0.73%    passed     98.95%
  83  GQ254418.1               0.73%    passed     96.00%
  84  GQ254407.1               0.73%    passed     92.74%
  85  GQ254414.1               0.73%    passed     96.00%
  86  HM180861.1               0.73%    passed     96.14%
  87  GQ396756.1               0.73%    passed     99.97%
  88  GQ396758.1               0.73%    passed     99.88%
  89  GQ396750.1               0.73%    passed     99.36%
  90  GQ396765.1               0.73%    passed     98.59%
  91  GQ396763.1               0.73%    passed    100.00%
  92  GQ355766.1               0.73%    passed     96.22%
  93  GQ355760.1               0.73%    passed     91.00%
  94  GQ501096.1               0.73%    passed     94.26%
  95  GQ501101.1               0.73%    passed     99.90%
  96  GQ501099.1               0.73%    passed     98.16%
  97  GQ501102.1               0.73%    passed     99.31%
  98  GQ355765.1               0.73%    passed     97.56%
  99  GQ254309.1               0.73%    passed     99.25%
 100  HM180869.1               0.73%    passed     98.13%
 101  HM180862.1               0.73%    passed     96.14%
 102  FJ501250.1               0.73%    passed     96.37%
 103  FJ158547.1               0.73%    passed     97.56%
 104  HM180867.1               0.73%    passed     99.35%
 105  HM180868.1               0.73%    passed     98.13%
 106  KU199093.1               0.73%    passed     97.87%
 107  MK560657.1               0.73%    passed     94.04%
 108  MK560658.1               0.73%    passed     94.04%
 109  MW128613.1               0.73%    passed     98.11%
 110  KF415224.1               0.73%    passed     98.95%
 111  KU199096.1               0.73%    passed     97.87%
 112  JQ952608.1               0.73%    passed     97.35%
 113  JQ952616.1               0.73%    passed     99.10%
 114  JQ934988.1               0.73%    passed     93.57%
 115  JQ934982.1               0.73%    passed     93.57%
 116  JN582091.1               0.73%    passed     98.95%
 117  HM622589.1               0.73%    passed     98.95%
 118  HQ231392.1               0.73%    passed     92.80%
 119  GQ501098.1_1             0.73%    passed     99.52%
 120  GQ501098.1_2             0.73%    passed     99.52%
 121  JQ952611.1               0.73%    passed     88.31%
 122  MF172873.1               0.73%    passed     99.97%
 123  FJ165268.1               0.73%    passed     98.58%
 124  FJ165175.1               0.73%    passed     97.67%
 125  KC015914.1_1             0.73%    passed     97.56%
 126  KC015914.1_2             0.73%    passed     97.56%
 127  KC015910.1               0.73%    passed     97.56%
 128  KC015911.1               0.73%    passed     97.56%
 129  JF494477.1               0.73%    passed     93.43%
 130  HQ712759.1               0.73%    passed     91.97%
 131  JF494476.1               0.73%    passed     91.14%
 132  KT247762.1_1             0.73%    passed    100.00%
 133  FJ165187.1               0.73%    passed     99.82%
 134  EU074588.1               0.73%    passed     97.35%
 135  EU752187.1               0.73%    passed     98.11%
 136  FJ165328.1               0.73%    passed     77.64%
 137  KF930415.1_1             0.73%    passed     97.56%
 138  KF930412.1               0.73%    passed     95.56%
 139  KF930415.1_2             0.73%    passed     97.56%
 140  FJ165315.1               0.73%    passed     98.95%
 141  FJ165316.1               0.73%    passed     98.95%
 142  FJ165173.1               0.73%    passed     97.67%
 143  EU752196.1               0.73%    passed     97.56%
 144  EU074589.1               0.98%    passed     96.89%
 145  FJ165189.1               0.73%    passed     99.74%
 146  EU752197.1               0.73%    passed     97.56%
 147  KC015909.1               0.73%    passed     97.56%
 148  FJ165314.1               0.73%    passed     98.95%
 149  EU752186.1               0.73%    passed     99.69%
 150  KT247762.1_2             0.73%    passed    100.00%
 151  HQ945989.1               0.73%    passed     97.73%
 152  JQ738565.1               0.73%    passed     94.04%
 153  FJ165266.1               0.73%    passed     98.58%
 154  EU074587.1               0.73%    passed     97.73%
 155  MK907489.1               0.73%    passed     99.92%
 156  MK560536.1               0.73%    passed     95.43%
 157  MF172874.1               0.73%    passed     99.74%
 158  MF172876.1               0.73%    passed     99.74%
 159  KX230191.1               0.73%    passed     94.12%
 160  GQ501107.1               0.73%    passed     99.36%
 161  KM077553.1               0.73%    passed     95.49%
 162  HM107304.1               0.73%    passed     94.12%
 163  HM107303.1               0.73%    passed     91.58%
 164  HM107288.1               0.73%    passed     95.92%
 165  KF415201.1               0.73%    passed     94.61%
 166  KJ747353.1               0.73%    passed     94.42%
 167  KJ747354.1               0.73%    passed     94.42%
 168  KJ747357.1               0.73%    passed     98.71%
 169  KJ747355.1               0.73%    passed     94.42%
 170  LC547267.1               0.73%    passed     97.92%
 171  GQ501100.1               0.73%    passed     99.52%
 172  HM107296.1               0.73%    passed     91.58%
 173  HM107289.1               0.73%    passed     94.67%
 174  HM107302.1               0.73%    passed     91.58%
 175  KY570376.1               0.73%    passed     94.67%
 176  KY570368.1               0.73%    passed     97.67%
 177  KY570427.1               0.73%    passed     98.26%
 178  KY570429.1               0.73%    passed     98.26%
 179  KY570367.1               0.73%    passed     97.67%
 180  KY570407.1               0.73%    passed     95.56%
 181  KY570372.1               0.73%    passed     97.67%
 182  KY570379.1               0.73%    passed     94.30%
 183  KY570391.1               0.73%    passed     98.95%
 184  KY570374.1               0.73%    passed     99.74%
 185  KY570425.1               0.73%    passed     98.26%
 186  JQ354464.2               0.73%    passed     99.54%
 187  KM366113.1               0.73%    passed     99.25%
 188  LC126401.1               0.73%    passed     96.58%
 189  KP641536.1               0.73%    passed     97.20%
 190  KP641537.1               0.73%    passed     97.20%
 191  GQ355759.1               0.73%    passed     95.92%
 192  GQ355770.1               0.73%    passed     92.80%
 193  JQ354344.1               0.73%    passed     91.58%
 194  JQ354350.1__reversed_    0.73%    passed     99.79%
 195  JQ354356.1__reversed_    0.73%    passed     99.74%
 196  JQ354365.1               0.73%    passed     98.95%
 197  JQ354378.1               0.73%    passed     94.12%
 198  JQ354401.1               0.73%    passed     90.03%
 199  JQ354352.1__reversed_    0.73%    passed     99.92%
 200  JQ354368.1               0.73%    passed     97.55%
 201  JQ354385.1               0.73%    passed     99.15%
 202  KF918923.1               0.73%    passed     96.14%
 203  KY570366.1               0.73%    passed     98.11%
 204  KY570409.1               2.44%    passed     90.95%
 205  KY570365.1               0.73%    passed     98.11%
 206  KY570432.1               0.73%    passed     99.54%
 207  KY570431.1               0.73%    passed     99.54%
 208  KY570408.1               0.73%    passed     95.49%
 209  KY570364.1               0.73%    passed     98.11%
 210  JQ354416.1               0.73%    passed     92.13%
 211  JQ354415.1               0.73%    passed     92.13%
 212  JQ354349.1               0.73%    passed     99.79%
 213  KF918963.1               0.73%    passed     99.97%
 214  KF918925.1               0.73%    passed     99.15%
 215  JQ354405.1               0.73%    passed     99.31%
 216  JQ354414.1               0.73%    passed     92.13%
 217  JQ354383.1               0.73%    passed     99.15%
 218  JQ354400.1               0.73%    passed     88.38%
 219  JQ354370.1               0.73%    passed     97.55%
 220  KF918962.1               0.73%    passed     99.74%
 221  JQ354406.2               0.73%    passed     99.67%
 222  KF918964.1               0.73%    passed     99.74%
 223  JQ354469.1               0.73%    passed     93.57%
 224  JQ354343.1               0.73%    passed     95.92%
 225  JQ354445.1               0.73%    passed     99.31%
 226  JQ354476.1               0.73%    passed     77.64%
 227  JQ354367.1__reversed_    0.73%    passed     99.10%
 228  JQ354459.1               0.73%    passed     98.95%
 229  JQ354373.1               0.73%    passed     94.12%
 230  JQ354337.1               0.73%    passed     98.58%
 231  JQ354444.1               0.73%    passed     98.95%
 232  JQ354338.1               0.73%    passed     98.11%
 233  JQ354475.1               0.73%    passed     68.83%
 234  JQ354458.1               0.73%    passed     98.95%
 235  JQ354411.1               0.73%    passed     95.56%
 236  NC_082791.1              0.73%    passed     99.36%
 237  PX119168.1               0.73%    passed     99.74%
****  TOTAL                    0.74%  0 sequences failed composition chi2 test (p-value<5%; df=3)
NOTE: HQ945989.1 is identical to NC_053985.1 but kept for subsequent analysis
NOTE: DQ678340.1_1 is identical to OP035291.1 but kept for subsequent analysis
NOTE: EU752186.1 is identical to DQ678315.1 but kept for subsequent analysis
NOTE: GQ254304.1_1 is identical to DQ678337.1 but kept for subsequent analysis
NOTE: DQ678412.1 is identical to DQ678407.1 but kept for subsequent analysis
NOTE: DQ678393.1_2 is identical to DQ678393.1_1 but kept for subsequent analysis
NOTE: DQ678335.1 is identical to DQ678394.1 but kept for subsequent analysis
NOTE: GQ396765.1 is identical to DQ678366.1 but kept for subsequent analysis
NOTE: DQ678318.1_2 is identical to DQ678318.1_1 but kept for subsequent analysis
NOTE: GQ254404.1 is identical to DQ678359.1 but kept for subsequent analysis
NOTE: FJ165175.1 is identical to DQ678319.1 but kept for subsequent analysis
NOTE: JQ354445.1 is identical to DQ678356.1 but kept for subsequent analysis
NOTE: DQ678357.1_2 is identical to DQ678357.1_1 but kept for subsequent analysis
NOTE: FJ165189.1 is identical to DQ678316.1 but kept for subsequent analysis
NOTE: DQ678406.1_2 is identical to DQ678406.1_1 but kept for subsequent analysis
NOTE: HM107288.1 is identical to DQ678320.1 but kept for subsequent analysis
NOTE: KC015914.1_1 is identical to DQ678352.1 but kept for subsequent analysis
NOTE: DQ678395.1_2 is identical to DQ678395.1_1 but kept for subsequent analysis
NOTE: JQ354416.1 is identical to DQ678325.1 but kept for subsequent analysis
NOTE: DQ678317.1_2 is identical to DQ678317.1_1 but kept for subsequent analysis
NOTE: GQ396756.1 is identical to DQ678332.1 but kept for subsequent analysis
NOTE: GQ254302.1 is identical to DQ678333.1 but kept for subsequent analysis
NOTE: GQ254406.1_1 is identical to DQ678344.1 but kept for subsequent analysis
NOTE: FJ501257.1 is identical to FJ501256.1 but kept for subsequent analysis
NOTE: GQ254418.1 is identical to GQ260059.1 but kept for subsequent analysis
NOTE: GQ254413.1 is identical to GQ254408.1 but kept for subsequent analysis
NOTE: GQ254407.1 is identical to GQ254403.1 but kept for subsequent analysis
NOTE: HM180861.1 is identical to HM180864.1 but kept for subsequent analysis
NOTE: GQ501107.1 is identical to GQ396750.1 but kept for subsequent analysis
NOTE: HM180868.1 is identical to HM180869.1 but kept for subsequent analysis
NOTE: KU199096.1 is identical to KU199093.1 but kept for subsequent analysis
NOTE: MK560658.1 is identical to MK560657.1 but kept for subsequent analysis
NOTE: EU752187.1 is identical to MW128613.1 but kept for subsequent analysis
NOTE: JQ934982.1 is identical to JQ934988.1 but kept for subsequent analysis
NOTE: KY570391.1 is identical to HM622589.1 but kept for subsequent analysis
NOTE: GQ355770.1 is identical to HQ231392.1 but kept for subsequent analysis
NOTE: GQ501098.1_2 is identical to GQ501098.1_1 but kept for subsequent analysis
NOTE: FJ165266.1 is identical to FJ165268.1 but kept for subsequent analysis
NOTE: KT247762.1_2 is identical to KT247762.1_1 but kept for subsequent analysis
NOTE: JQ354476.1 is identical to FJ165328.1 but kept for subsequent analysis
NOTE: KY570407.1 is identical to KF930412.1 but kept for subsequent analysis
NOTE: MF172876.1 is identical to MF172874.1 but kept for subsequent analysis
NOTE: HM107304.1 is identical to KX230191.1 but kept for subsequent analysis
NOTE: KY570408.1 is identical to KM077553.1 but kept for subsequent analysis
NOTE: HM107296.1 is identical to HM107303.1 but kept for subsequent analysis
NOTE: KJ747355.1 is identical to KJ747354.1 but kept for subsequent analysis
NOTE: KY570376.1 is identical to HM107289.1 but kept for subsequent analysis
NOTE: KY570429.1 is identical to KY570427.1 but kept for subsequent analysis
NOTE: KY570432.1 is identical to JQ354464.2 but kept for subsequent analysis
NOTE: KP641537.1 is identical to KP641536.1 but kept for subsequent analysis
NOTE: JQ354349.1 is identical to JQ354350.1__reversed_ but kept for subsequent analysis
NOTE: JQ354383.1 is identical to JQ354385.1 but kept for subsequent analysis
Checking for duplicate sequences: done in 0.00824569 secs using 3.687% CPU
Identifying sites to remove: done in 0.0006204 secs using 9.994% CPU
NOTE: 67 identical sequences (see below) will be ignored for subsequent analysis
NOTE: EU074587.1 (identical to NC_053985.1) is ignored but added at the end
NOTE: DQ678340.1_2 (identical to OP035291.1) is ignored but added at the end
NOTE: DQ678340.1_3 (identical to OP035291.1) is ignored but added at the end
NOTE: GQ254304.1_2 (identical to DQ678337.1) is ignored but added at the end
NOTE: KF415224.1 (identical to DQ678407.1) is ignored but added at the end
NOTE: FJ165315.1 (identical to DQ678407.1) is ignored but added at the end
NOTE: FJ165316.1 (identical to DQ678407.1) is ignored but added at the end
NOTE: FJ165314.1 (identical to DQ678407.1) is ignored but added at the end
NOTE: JQ354365.1 (identical to DQ678407.1) is ignored but added at the end
NOTE: JQ354459.1 (identical to DQ678407.1) is ignored but added at the end
NOTE: JQ354458.1 (identical to DQ678407.1) is ignored but added at the end
NOTE: JQ354406.2 (identical to DQ678393.1_1) is ignored but added at the end
NOTE: JQ354368.1 (identical to DQ678394.1) is ignored but added at the end
NOTE: JQ354370.1 (identical to DQ678394.1) is ignored but added at the end
NOTE: EU074588.1 (identical to DQ678318.1_1) is ignored but added at the end
NOTE: FJ165173.1 (identical to DQ678319.1) is ignored but added at the end
NOTE: KY570368.1 (identical to DQ678319.1) is ignored but added at the end
NOTE: KY570367.1 (identical to DQ678319.1) is ignored but added at the end
NOTE: KY570372.1 (identical to DQ678319.1) is ignored but added at the end
NOTE: KY570374.1 (identical to DQ678316.1) is ignored but added at the end
NOTE: JQ354356.1__reversed_ (identical to DQ678316.1) is ignored but added at the end
NOTE: PX119168.1 (identical to DQ678316.1) is ignored but added at the end
NOTE: DQ678406.1_3 (identical to DQ678406.1_1) is ignored but added at the end
NOTE: GQ355759.1 (identical to DQ678320.1) is ignored but added at the end
NOTE: JQ354343.1 (identical to DQ678320.1) is ignored but added at the end
NOTE: KC015914.1_2 (identical to DQ678352.1) is ignored but added at the end
NOTE: KC015910.1 (identical to DQ678352.1) is ignored but added at the end
NOTE: KC015911.1 (identical to DQ678352.1) is ignored but added at the end
NOTE: KF930415.1_1 (identical to DQ678352.1) is ignored but added at the end
NOTE: KF930415.1_2 (identical to DQ678352.1) is ignored but added at the end
NOTE: EU752196.1 (identical to DQ678352.1) is ignored but added at the end
NOTE: EU752197.1 (identical to DQ678352.1) is ignored but added at the end
NOTE: KC015909.1 (identical to DQ678352.1) is ignored but added at the end
NOTE: JQ354415.1 (identical to DQ678325.1) is ignored but added at the end
NOTE: JQ354414.1 (identical to DQ678325.1) is ignored but added at the end
NOTE: DQ678317.1_3 (identical to DQ678317.1_1) is ignored but added at the end
NOTE: MF172873.1 (identical to DQ678332.1) is ignored but added at the end
NOTE: KF918963.1 (identical to DQ678332.1) is ignored but added at the end
NOTE: GQ355765.1 (identical to DQ678333.1) is ignored but added at the end
NOTE: FJ158547.1 (identical to DQ678333.1) is ignored but added at the end
NOTE: GQ254406.1_2 (identical to DQ678344.1) is ignored but added at the end
NOTE: GQ254406.1_3 (identical to DQ678344.1) is ignored but added at the end
NOTE: GQ501101.1 (identical to FJ501256.1) is ignored but added at the end
NOTE: GQ254414.1 (identical to GQ260059.1) is ignored but added at the end
NOTE: GQ254412.1_1 (identical to GQ254408.1) is ignored but added at the end
NOTE: GQ254412.1_2 (identical to GQ254408.1) is ignored but added at the end
NOTE: JN582091.1 (identical to GQ254408.1) is ignored but added at the end
NOTE: JQ354444.1 (identical to GQ254408.1) is ignored but added at the end
NOTE: HM180862.1 (identical to HM180864.1) is ignored but added at the end
NOTE: NC_082791.1 (identical to GQ396750.1) is ignored but added at the end
NOTE: JQ738565.1 (identical to MK560657.1) is ignored but added at the end
NOTE: KY570366.1 (identical to MW128613.1) is ignored but added at the end
NOTE: KY570365.1 (identical to MW128613.1) is ignored but added at the end
NOTE: KY570364.1 (identical to MW128613.1) is ignored but added at the end
NOTE: JQ354338.1 (identical to MW128613.1) is ignored but added at the end
NOTE: JQ354469.1 (identical to JQ934988.1) is ignored but added at the end
NOTE: GQ501100.1 (identical to GQ501098.1_1) is ignored but added at the end
NOTE: JQ354337.1 (identical to FJ165268.1) is ignored but added at the end
NOTE: JQ354411.1 (identical to KF930412.1) is ignored but added at the end
NOTE: KF918962.1 (identical to MF172874.1) is ignored but added at the end
NOTE: KF918964.1 (identical to MF172874.1) is ignored but added at the end
NOTE: JQ354378.1 (identical to KX230191.1) is ignored but added at the end
NOTE: JQ354373.1 (identical to KX230191.1) is ignored but added at the end
NOTE: HM107302.1 (identical to HM107303.1) is ignored but added at the end
NOTE: JQ354344.1 (identical to HM107303.1) is ignored but added at the end
NOTE: KY570425.1 (identical to KY570427.1) is ignored but added at the end
NOTE: KY570431.1 (identical to JQ354464.2) is ignored but added at the end
Alignment was printed to COI_outgroup.pterois.uniqueseq.phy

For your convenience alignment with unique sequences printed to COI_outgroup.pterois.uniqueseq.phy


Create initial parsimony tree by phylogenetic likelihood library (PLL)... 0.012 seconds
Perform fast likelihood tree search using GTR+I+G model...
Estimate model parameters (epsilon = 5.000)
Perform nearest neighbor interchange...
Optimizing NNI: done in 0.0879807 secs using 108.8% CPU
Estimate model parameters (epsilon = 1.000)
1. Initial log-likelihood: -3455.485
Optimal log-likelihood: -3454.859
Rate parameters:  A-C: 0.78693  A-G: 18.51904  A-T: 1.06029  C-G: 1.31451  C-T: 8.99716  G-T: 1.00000
Base frequencies:  A: 0.228  C: 0.310  G: 0.168  T: 0.293
Proportion of invariable sites: 0.392
Gamma shape alpha: 0.474
Parameters optimization took 1 rounds (0.047 sec)
Time for fast ML tree search: 0.408 seconds

NOTE: ModelFinder requires 9 MB RAM!
ModelFinder will test up to 968 DNA models (sample size: 409 epsilon: 0.100) ...
 No. Model         -LnL         df  AIC          AICc         BIC
  1  JC            4183.882     337 9041.764     12250.384    10394.386
  2  JC+I          3837.883     338 8351.766     11625.537    9708.401
  3  JC+G4         3807.583     338 8291.165     11564.937    9647.801
  4  JC+I+G4       3786.427     339 8250.855     11591.724    9611.504
  5  JC+R2         3816.955     339 8311.911     11652.780    9672.560
  6  JC+R3         3783.887     341 8249.775     11731.029    9618.452
  7  JC+R4         3780.086     343 8246.171     11876.694    9622.876
 14  JC+I+R2       3784.238     340 8248.476     11658.476    9613.139
 15  JC+I+R3       3778.656     342 8241.311     11796.039    9614.002
 26  JC+I+G4       3786.427     339 8250.855     11591.724    9611.504
 28  JC+R3         3783.887     341 8249.775     11731.029    9618.452
 36  JC+I+R2       3784.238     340 8248.476     11658.476    9613.139
 37  JC+I+R3       3778.656     342 8241.311     11796.039    9614.002
 48  F81+I+G4      3786.385     339 8250.769     11591.639    9611.419
 50  F81+R3        3783.741     341 8249.482     11730.736    9618.159
 58  F81+I+R2      3784.249     340 8248.498     11658.498    9613.161
 59  F81+I+R3      3778.552     342 8241.105     11795.832    9613.795
 70  F81+F+I+G4    3766.189     342 8216.379     11771.106    9589.069
 72  F81+F+R3      3764.119     344 8216.238     11924.988    9596.956
 80  F81+F+I+R2    3765.893     343 8217.786     11848.309    9594.490
 81  F81+F+I+R3    3760.140     345 8210.280     11999.804    9595.011
 92  K2P+I+G4      3467.561     340 7615.122     11025.122    8979.785
 94  K2P+R3        3464.284     342 7612.568     11167.295    8985.258
102  K2P+I+R2      3467.023     341 7616.046     11097.300    8984.723
103  K2P+I+R3      3460.520     343 7607.039     11237.562    8983.744
114  K2P+I+G4      3467.561     340 7615.122     11025.122    8979.785
116  K2P+R3        3464.284     342 7612.568     11167.295    8985.258
124  K2P+I+R2      3467.023     341 7616.046     11097.300    8984.723
125  K2P+I+R3      3460.520     343 7607.039     11237.562    8983.744
136  HKY+I+G4      3467.575     340 7615.151     11025.151    8979.814
138  HKY+R3        3464.269     342 7612.539     11167.266    8985.230
146  HKY+I+R2      3467.008     341 7616.017     11097.271    8984.694
147  HKY+I+R3      3460.512     343 7607.025     11237.548    8983.729
158  HKY+F+I+G4    3461.289     343 7608.578     11239.101    8985.282
160  HKY+F+R3      3459.083     345 7608.165     11397.689    8992.897
168  HKY+F+I+R2    3460.297     344 7608.595     11317.345    8989.313
169  HKY+F+I+R3    3452.453     346 7596.905     11469.873    8985.651
180  TNe+I+G4      3466.905     341 7615.810     11097.064    8984.487
182  TNe+R3        3463.695     343 7613.390     11243.913    8990.094
190  TNe+I+R2      3467.018     342 7618.035     11172.763    8990.726
191  TNe+I+R3      3460.509     344 7609.018     11317.768    8989.736
202  TNe+I+G4      3466.905     341 7615.810     11097.064    8984.487
204  TNe+R3        3463.695     343 7613.390     11243.913    8990.094
212  TNe+I+R2      3467.018     342 7618.035     11172.763    8990.726
213  TNe+I+R3      3460.509     344 7609.018     11317.768    8989.736
224  TN+I+G4       3466.899     341 7615.798     11097.052    8984.475
226  TN+R3         3463.634     343 7613.268     11243.791    8989.972
234  TN+I+R2       3467.015     342 7618.031     11172.758    8990.721
235  TN+I+R3       3460.491     344 7608.981     11317.731    8989.699
246  TN+F+I+G4     3449.112     344 7586.224     11294.974    8966.942
248  TN+F+R3       3444.614     346 7581.227     11454.195    8969.973
256  TN+F+I+R2     3452.826     345 7595.651     11385.175    8980.383
257  TN+F+I+R3     3442.696     347 7579.393     11538.606    8972.152
268  K3P+I+G4      3467.190     341 7616.379     11097.633    8985.056
270  K3P+R3        3463.962     343 7613.923     11244.446    8990.628
278  K3P+I+R2      3466.663     342 7617.326     11172.053    8990.017
279  K3P+I+R3      3460.529     344 7609.059     11317.809    8989.777
290  K3P+I+G4      3467.190     341 7616.379     11097.633    8985.056
292  K3P+R3        3463.962     343 7613.923     11244.446    8990.628
300  K3P+I+R2      3466.663     342 7617.326     11172.053    8990.017
301  K3P+I+R3      3460.529     344 7609.059     11317.809    8989.777
312  K3Pu+I+G4     3467.180     341 7616.360     11097.613    8985.036
314  K3Pu+R3       3463.960     343 7613.920     11244.443    8990.624
322  K3Pu+I+R2     3466.654     342 7617.309     11172.036    8989.999
323  K3Pu+I+R3     3460.411     344 7608.822     11317.572    8989.540
334  K3Pu+F+I+G4   3460.789     344 7609.578     11318.328    8990.296
336  K3Pu+F+R3     3458.843     346 7609.687     11482.654    8998.432
344  K3Pu+F+I+R2   3459.852     345 7609.704     11399.228    8994.436
345  K3Pu+F+I+R3   3452.006     347 7598.013     11557.226    8990.772
356  TPM2+I+G4     3467.817     341 7617.634     11098.887    8986.311
358  TPM2+R3       3464.191     343 7614.383     11244.906    8991.087
366  TPM2+I+R2     3466.996     342 7617.993     11172.720    8990.683
367  TPM2+I+R3     3460.168     344 7608.336     11317.086    8989.054
378  TPM2+I+G4     3467.817     341 7617.634     11098.887    8986.311
380  TPM2+R3       3464.191     343 7614.383     11244.906    8991.087
388  TPM2+I+R2     3466.996     342 7617.993     11172.720    8990.683
389  TPM2+I+R3     3460.168     344 7608.336     11317.086    8989.054
400  TPM2u+I+G4    3467.796     341 7617.593     11098.847    8986.270
402  TPM2u+R3      3464.155     343 7614.309     11244.832    8991.013
410  TPM2u+I+R2    3466.952     342 7617.904     11172.632    8990.595
411  TPM2u+I+R3    3460.152     344 7608.305     11317.055    8989.023
422  TPM2u+F+I+G4  3461.211     344 7610.422     11319.172    8991.140
424  TPM2u+F+R3    3459.161     346 7610.322     11483.290    8999.067
432  TPM2u+F+I+R2  3460.356     345 7610.712     11400.235    8995.443
433  TPM2u+F+I+R3  3452.016     347 7598.032     11557.245    8990.791
444  TPM3+I+G4     3467.874     341 7617.749     11099.002    8986.425
446  TPM3+R3       3464.270     343 7614.540     11245.063    8991.245
454  TPM3+I+R2     3467.178     342 7618.357     11173.084    8991.047
455  TPM3+I+R3     3460.235     344 7608.470     11317.220    8989.188
466  TPM3+I+G4     3467.874     341 7617.749     11099.002    8986.425
468  TPM3+R3       3464.270     343 7614.540     11245.063    8991.245
476  TPM3+I+R2     3467.178     342 7618.357     11173.084    8991.047
477  TPM3+I+R3     3460.235     344 7608.470     11317.220    8989.188
488  TPM3u+I+G4    3467.880     341 7617.759     11099.013    8986.436
490  TPM3u+R3      3464.279     343 7614.558     11245.081    8991.262
498  TPM3u+I+R2    3467.177     342 7618.355     11173.082    8991.045
499  TPM3u+I+R3    3460.230     344 7608.460     11317.210    8989.178
510  TPM3u+F+I+G4  3461.579     344 7611.157     11319.907    8991.875
512  TPM3u+F+R3    3459.337     346 7610.673     11483.641    8999.419
520  TPM3u+F+I+R2  3460.518     345 7611.036     11400.560    8995.768
521  TPM3u+F+I+R3  3452.278     347 7598.555     11557.768    8991.314
532  TIMe+I+G4     3466.897     342 7617.794     11172.521    8990.485
534  TIMe+R3       3463.445     344 7614.890     11323.640    8995.608
542  TIMe+I+R2     3466.830     343 7619.660     11250.183    8996.364
543  TIMe+I+R3     3459.985     345 7609.971     11399.495    8994.702
554  TIMe+I+G4     3466.897     342 7617.794     11172.521    8990.485
556  TIMe+R3       3463.445     344 7614.890     11323.640    8995.608
564  TIMe+I+R2     3466.830     343 7619.660     11250.183    8996.364
565  TIMe+I+R3     3459.985     345 7609.971     11399.495    8994.702
576  TIM+I+G4      3466.880     342 7617.761     11172.488    8990.452
578  TIM+R3        3463.401     344 7614.803     11323.553    8995.521
586  TIM+I+R2      3466.826     343 7619.651     11250.174    8996.356
587  TIM+I+R3      3459.970     345 7609.941     11399.464    8994.672
598  TIM+F+I+G4    3449.384     345 7588.769     11378.293    8973.500
600  TIM+F+R3      3444.636     347 7583.271     11542.484    8976.031
608  TIM+F+I+R2    3452.945     346 7597.890     11470.857    8986.635
609  TIM+F+I+R3    3442.738     348 7581.476     11629.876    8978.249
620  TIM2e+I+G4    3467.204     342 7618.408     11173.135    8991.099
622  TIM2e+R3      3463.772     344 7615.544     11324.294    8996.262
630  TIM2e+I+R2    3466.976     343 7619.952     11250.475    8996.657
631  TIM2e+I+R3    3460.554     345 7611.107     11400.631    8995.839
642  TIM2e+I+G4    3467.204     342 7618.408     11173.135    8991.099
644  TIM2e+R3      3463.772     344 7615.544     11324.294    8996.262
652  TIM2e+I+R2    3466.976     343 7619.952     11250.475    8996.657
653  TIM2e+I+R3    3460.554     345 7611.107     11400.631    8995.839
664  TIM2+I+G4     3467.184     342 7618.368     11173.095    8991.058
666  TIM2+R3       3463.642     344 7615.283     11324.033    8996.001
674  TIM2+I+R2     3466.967     343 7619.934     11250.457    8996.638
675  TIM2+I+R3     3460.444     345 7610.888     11400.412    8995.620
686  TIM2+F+I+G4   3449.412     345 7588.824     11378.348    8973.556
688  TIM2+F+R3     3444.276     347 7582.552     11541.765    8975.311
696  TIM2+F+I+R2   3453.212     346 7598.424     11471.391    8987.169
697  TIM2+F+I+R3   3442.301     348 7580.603     11629.003    8977.376
708  TIM3e+I+G4    3467.288     342 7618.575     11173.302    8991.266
710  TIM3e+R3      3463.799     344 7615.599     11324.349    8996.317
718  TIM3e+I+R2    3467.193     343 7620.387     11250.910    8997.091
719  TIM3e+I+R3    3460.757     345 7611.514     11401.038    8996.246
730  TIM3e+I+G4    3467.288     342 7618.575     11173.302    8991.266
732  TIM3e+R3      3463.799     344 7615.599     11324.349    8996.317
740  TIM3e+I+R2    3467.193     343 7620.387     11250.910    8997.091
741  TIM3e+I+R3    3460.757     345 7611.514     11401.038    8996.246
752  TIM3+I+G4     3467.279     342 7618.559     11173.286    8991.249
754  TIM3+R3       3463.694     344 7615.389     11324.139    8996.107
762  TIM3+I+R2     3467.187     343 7620.373     11250.896    8997.078
763  TIM3+I+R3     3460.610     345 7611.219     11400.743    8995.951
774  TIM3+F+I+G4   3449.827     345 7589.654     11379.178    8974.386
776  TIM3+F+R3     3444.952     347 7583.904     11543.117    8976.663
784  TIM3+F+I+R2   3453.412     346 7598.824     11471.791    8987.569
785  TIM3+F+I+R3   3442.973     348 7581.945     11630.345    8978.718
796  TVMe+I+G4     3467.421     343 7620.842     11251.365    8997.546
798  TVMe+R3       3463.889     345 7617.777     11407.301    9002.509
806  TVMe+I+R2     3466.679     344 7621.358     11330.108    9002.076
807  TVMe+I+R3     3460.141     346 7612.282     11485.250    9001.027
818  TVMe+I+G4     3467.421     343 7620.842     11251.365    8997.546
820  TVMe+R3       3463.889     345 7617.777     11407.301    9002.509
828  TVMe+I+R2     3466.679     344 7621.358     11330.108    9002.076
829  TVMe+I+R3     3460.141     346 7612.282     11485.250    9001.027
840  TVM+I+G4      3467.419     343 7620.838     11251.361    8997.542
842  TVM+R3        3463.867     345 7617.734     11407.258    9002.466
850  TVM+I+R2      3466.659     344 7621.319     11330.069    9002.037
851  TVM+I+R3      3460.016     346 7612.033     11485.001    9000.778
862  TVM+F+I+G4    3460.659     346 7613.317     11486.285    9002.063
864  TVM+F+R3      3458.765     348 7613.531     11661.931    9010.304
872  TVM+F+I+R2    3459.915     347 7613.830     11573.043    9006.589
873  TVM+F+I+R3    3451.778     349 7601.556     11742.234    9002.342
884  SYM+I+G4      3466.805     344 7621.610     11330.360    9002.328
886  SYM+R3        3463.266     346 7618.531     11491.499    9007.277
894  SYM+I+R2      3466.650     345 7623.300     11412.824    9008.032
895  SYM+I+R3      3459.831     347 7613.662     11572.875    9006.421
906  SYM+I+G4      3466.805     344 7621.610     11330.360    9002.328
908  SYM+R3        3463.266     346 7618.531     11491.499    9007.277
916  SYM+I+R2      3466.650     345 7623.300     11412.824    9008.032
917  SYM+I+R3      3459.831     347 7613.662     11572.875    9006.421
928  GTR+I+G4      3466.806     344 7621.613     11330.363    9002.331
930  GTR+R3        3463.270     346 7618.540     11491.508    9007.286
938  GTR+I+R2      3466.649     345 7623.298     11412.821    9008.029
939  GTR+I+R3      3459.822     347 7613.645     11572.858    9006.404
950  GTR+F+I+G4    3448.944     347 7591.887     11551.100    8984.646
952  GTR+F+R3      3443.925     349 7585.850     11726.528    8986.637
960  GTR+F+I+R2    3452.752     348 7601.504     11649.904    8998.277
961  GTR+F+I+R3    3441.996     350 7583.991     11820.198    8988.792
Akaike Information Criterion:           TN+F+I+R3
Corrected Akaike Information Criterion: K2P+I+G4
Bayesian Information Criterion:         TN+F+I+G4
Best-fit model: TN+F+I+G4 chosen according to BIC

All model information printed to COI_outgroup.pterois.model.gz
CPU time for ModelFinder: 26.777 seconds (0h:0m:26s)
Wall-clock time for ModelFinder: 25.382 seconds (0h:0m:25s)

NOTE: 3 MB RAM (0 GB) is required!
Estimate model parameters (epsilon = 0.100)
Thoroughly optimizing +I+G parameters from 10 start values...
Init pinv, alpha: 0.000, 1.199 / Estimate: 0.000, 0.185 / LogL: -3464.483
Init pinv, alpha: 0.070, 1.199 / Estimate: 0.088, 0.219 / LogL: -3463.321
Init pinv, alpha: 0.140, 1.199 / Estimate: 0.569, 1.157 / LogL: -3449.108
Init pinv, alpha: 0.209, 1.199 / Estimate: 0.568, 1.145 / LogL: -3449.132
Init pinv, alpha: 0.279, 1.199 / Estimate: 0.567, 1.131 / LogL: -3449.850
Init pinv, alpha: 0.349, 1.199 / Estimate: 0.569, 1.144 / LogL: -3449.838
Init pinv, alpha: 0.419, 1.199 / Estimate: 0.568, 1.136 / LogL: -3449.862
Init pinv, alpha: 0.489, 1.199 / Estimate: 0.568, 1.138 / LogL: -3449.873
Init pinv, alpha: 0.559, 1.199 / Estimate: 0.570, 1.154 / LogL: -3449.871
Init pinv, alpha: 0.628, 1.199 / Estimate: 0.580, 1.250 / LogL: -3449.877
Optimal pinv,alpha: 0.569, 1.157 / LogL: -3449.108

Parameters optimization took 3.010 sec
Wrote distance file to... 
Computing ML distances based on estimated model parameters...
Calculating distance matrix: done in 0.0811311 secs using 109.1% CPU
Computing ML distances took 0.081909 sec (of wall-clock time) 0.088759 sec (of CPU time)
Setting up auxiliary I and S matrices: done in 0.000420017 secs using 119% CPU
Constructing RapidNJ tree: done in 0.00155182 secs using 133.4% CPU
Computing RapidNJ tree took 0.002554 sec (of wall-clock time) 0.002825 sec (of CPU time)
Log-likelihood of RapidNJ tree: -3462.117
--------------------------------------------------------------------
|             INITIALIZING CANDIDATE TREE SET                      |
--------------------------------------------------------------------
Generating 98 parsimony trees... 0.959 second
Computing log-likelihood of 98 initial trees ... 0.607 seconds
Current best score: -3449.108

Do NNI search on 20 best initial trees
Optimizing NNI: done in 0.0648254 secs using 109.1% CPU
Estimate model parameters (epsilon = 0.100)
BETTER TREE FOUND at iteration 1: -3449.009
Optimizing NNI: done in 0.149168 secs using 106.2% CPU
Estimate model parameters (epsilon = 0.100)
BETTER TREE FOUND at iteration 2: -3440.030
Optimizing NNI: done in 0.146345 secs using 109.1% CPU
Optimizing NNI: done in 0.131876 secs using 109.1% CPU
Optimizing NNI: done in 0.152344 secs using 106.3% CPU
Optimizing NNI: done in 0.143781 secs using 106.1% CPU
Optimizing NNI: done in 0.136266 secs using 99.66% CPU
Optimizing NNI: done in 0.145886 secs using 109.1% CPU
Optimizing NNI: done in 0.136612 secs using 99.67% CPU
Optimizing NNI: done in 0.194907 secs using 106.9% CPU
Iteration 10 / LogL: -3443.068 / Time: 0h:0m:31s
Optimizing NNI: done in 0.135982 secs using 105.9% CPU
Optimizing NNI: done in 0.191553 secs using 106.8% CPU
Optimizing NNI: done in 0.131433 secs using 105.8% CPU
Optimizing NNI: done in 0.131842 secs using 102.6% CPU
Optimizing NNI: done in 0.12906 secs using 109.1% CPU
Optimizing NNI: done in 0.13321 secs using 109.1% CPU
Optimizing NNI: done in 0.121477 secs using 105.5% CPU
Optimizing NNI: done in 0.126609 secs using 98.91% CPU
Optimizing NNI: done in 0.125584 secs using 109.1% CPU
Optimizing NNI: done in 0.153631 secs using 106.3% CPU
Iteration 20 / LogL: -3451.112 / Time: 0h:0m:33s
Finish initializing candidate tree set (20)
Current best tree score: -3440.030 / CPU time: 4.462
Number of iterations: 20
--------------------------------------------------------------------
|               OPTIMIZING CANDIDATE TREE SET                      |
--------------------------------------------------------------------
Optimizing NNI: done in 0.227186 secs using 107.2% CPU
Optimizing NNI: done in 0.296119 secs using 107.6% CPU
Estimate model parameters (epsilon = 0.100)
BETTER TREE FOUND at iteration 22: -3439.764
Optimizing NNI: done in 0.253595 secs using 105.7% CPU
Estimate model parameters (epsilon = 0.100)
BETTER TREE FOUND at iteration 23: -3439.110
Optimizing NNI: done in 0.188474 secs using 104.5% CPU
Estimate model parameters (epsilon = 0.100)
BETTER TREE FOUND at iteration 24: -3438.831
Optimizing NNI: done in 0.173923 secs using 106.6% CPU
Optimizing NNI: done in 0.227928 secs using 107.2% CPU
Optimizing NNI: done in 0.240322 secs using 107.3% CPU
Optimizing NNI: done in 0.215027 secs using 107.1% CPU
Optimizing NNI: done in 0.221635 secs using 103% CPU
Optimizing NNI: done in 0.275487 secs using 98.73% CPU
Iteration 30 / LogL: -3454.680 / Time: 0h:0m:35s (0h:0m:32s left)
Optimizing NNI: done in 0.250374 secs using 98.25% CPU
Optimizing NNI: done in 0.226844 secs using 97.72% CPU
Optimizing NNI: done in 0.211194 secs using 93.24% CPU
Optimizing NNI: done in 0.214383 secs using 99.38% CPU
Optimizing NNI: done in 0.21435 secs using 99.41% CPU
Optimizing NNI: done in 0.198856 secs using 103.3% CPU
Optimizing NNI: done in 0.183271 secs using 98.75% CPU
Optimizing NNI: done in 0.229118 secs using 101.5% CPU
Optimizing NNI: done in 0.194601 secs using 103.3% CPU
Optimizing NNI: done in 0.180757 secs using 101.1% CPU
Iteration 40 / LogL: -3462.155 / Time: 0h:0m:37s (0h:0m:26s left)
Optimizing NNI: done in 0.22227 secs using 97.61% CPU
Optimizing NNI: done in 0.282237 secs using 97.33% CPU
Optimizing NNI: done in 0.238388 secs using 99.81% CPU
Estimate model parameters (epsilon = 0.100)
BETTER TREE FOUND at iteration 43: -3438.519
Optimizing NNI: done in 0.253962 secs using 98.34% CPU
Optimizing NNI: done in 0.265478 secs using 103.3% CPU
Optimizing NNI: done in 0.291547 secs using 101.9% CPU
Optimizing NNI: done in 0.270701 secs using 101.3% CPU
Optimizing NNI: done in 0.209138 secs using 100% CPU
Optimizing NNI: done in 0.227544 secs using 98.32% CPU
Optimizing NNI: done in 0.237903 secs using 94.71% CPU
Iteration 50 / LogL: -3439.094 / Time: 0h:0m:40s (0h:0m:28s left)
Optimizing NNI: done in 0.230225 secs using 94.54% CPU
Optimizing NNI: done in 0.224178 secs using 94.39% CPU
Optimizing NNI: done in 0.244924 secs using 98.35% CPU
Optimizing NNI: done in 0.183201 secs using 95.42% CPU
Optimizing NNI: done in 0.257421 secs using 96.79% CPU
Optimizing NNI: done in 0.192001 secs using 100% CPU
Optimizing NNI: done in 0.23778 secs using 98.39% CPU
Optimizing NNI: done in 0.187922 secs using 95.56% CPU
Estimate model parameters (epsilon = 0.100)
BETTER TREE FOUND at iteration 58: -3438.468
Optimizing NNI: done in 0.243539 secs using 98.25% CPU
Optimizing NNI: done in 0.233529 secs using 99.99% CPU
Iteration 60 / LogL: -3441.759 / Time: 0h:0m:42s (0h:0m:28s left)
Optimizing NNI: done in 0.27022 secs using 98.66% CPU
Optimizing NNI: done in 0.221372 secs using 94.32% CPU
Optimizing NNI: done in 0.246843 secs using 102.7% CPU
Optimizing NNI: done in 0.190801 secs using 102.4% CPU
Optimizing NNI: done in 0.20239 secs using 107% CPU
Optimizing NNI: done in 0.199584 secs using 109% CPU
Optimizing NNI: done in 0.190532 secs using 104.6% CPU
Optimizing NNI: done in 0.188475 secs using 104.5% CPU
Optimizing NNI: done in 0.250728 secs using 105.7% CPU
Optimizing NNI: done in 0.213174 secs using 105.1% CPU
Iteration 70 / LogL: -3439.527 / Time: 0h:0m:44s (0h:0m:24s left)
Optimizing NNI: done in 0.269026 secs using 105.9% CPU
Optimizing NNI: done in 0.295964 secs using 103.3% CPU
Optimizing NNI: done in 0.216368 secs using 105.1% CPU
Optimizing NNI: done in 0.193737 secs using 109% CPU
Optimizing NNI: done in 0.175502 secs using 106.6% CPU
Optimizing NNI: done in 0.20931 secs using 107% CPU
Optimizing NNI: done in 0.176841 secs using 109% CPU
Optimizing NNI: done in 0.247914 secs using 109% CPU
Optimizing NNI: done in 0.201209 secs using 106.9% CPU
Optimizing NNI: done in 0.229313 secs using 101.6% CPU
Iteration 80 / LogL: -3446.038 / Time: 0h:0m:47s (0h:0m:21s left)
Optimizing NNI: done in 0.236951 secs using 105.4% CPU
Optimizing NNI: done in 0.208062 secs using 109% CPU
Optimizing NNI: done in 0.166462 secs using 109.1% CPU
Optimizing NNI: done in 0.240101 secs using 103.7% CPU
Optimizing NNI: done in 0.181213 secs using 109.1% CPU
Optimizing NNI: done in 0.214578 secs using 109% CPU
Optimizing NNI: done in 0.247288 secs using 103.9% CPU
Optimizing NNI: done in 0.198711 secs using 100.4% CPU
Optimizing NNI: done in 0.246218 secs using 105.6% CPU
Optimizing NNI: done in 0.265584 secs using 107.4% CPU
Iteration 90 / LogL: -3442.656 / Time: 0h:0m:49s (0h:0m:18s left)
Optimizing NNI: done in 0.18201 secs using 106.7% CPU
Optimizing NNI: done in 0.214285 secs using 103.1% CPU
Optimizing NNI: done in 0.206289 secs using 96.65% CPU
Estimate model parameters (epsilon = 0.100)
BETTER TREE FOUND at iteration 93: -3438.183
Optimizing NNI: done in 0.197096 secs using 102.5% CPU
Optimizing NNI: done in 0.278692 secs using 107.5% CPU
Optimizing NNI: done in 0.22828 secs using 103.4% CPU
Optimizing NNI: done in 0.232461 secs using 103.5% CPU
Optimizing NNI: done in 0.217416 secs using 103.9% CPU
Optimizing NNI: done in 0.207007 secs using 104.9% CPU
Optimizing NNI: done in 0.208414 secs using 104.9% CPU
Iteration 100 / LogL: -3441.976 / Time: 0h:0m:51s (0h:0m:24s left)
Optimizing NNI: done in 0.218879 secs using 105.2% CPU
Optimizing NNI: done in 0.228508 secs using 105.3% CPU
Optimizing NNI: done in 0.213116 secs using 109% CPU
Optimizing NNI: done in 0.195735 secs using 100.3% CPU
Optimizing NNI: done in 0.273766 secs using 101.2% CPU
Optimizing NNI: done in 0.262489 secs using 102.5% CPU
Optimizing NNI: done in 0.271941 secs using 104.3% CPU
Optimizing NNI: done in 0.239693 secs using 105.5% CPU
Optimizing NNI: done in 0.219137 secs using 105.1% CPU
Optimizing NNI: done in 0.256208 secs using 100.7% CPU
Iteration 110 / LogL: -3440.255 / Time: 0h:0m:53s (0h:0m:21s left)
Optimizing NNI: done in 0.215715 secs using 101.1% CPU
Optimizing NNI: done in 0.264899 secs using 105.8% CPU
Optimizing NNI: done in 0.208938 secs using 107% CPU
Optimizing NNI: done in 0.259766 secs using 105.7% CPU
Optimizing NNI: done in 0.233501 secs using 103.5% CPU
Optimizing NNI: done in 0.172062 secs using 101.6% CPU
Optimizing NNI: done in 0.262868 secs using 107.4% CPU
Optimizing NNI: done in 0.233829 secs using 105.4% CPU
Optimizing NNI: done in 0.172946 secs using 101.6% CPU
Optimizing NNI: done in 0.212895 secs using 107% CPU
Iteration 120 / LogL: -3439.835 / Time: 0h:0m:56s (0h:0m:18s left)
Optimizing NNI: done in 0.201653 secs using 109% CPU
Optimizing NNI: done in 0.18973 secs using 106.8% CPU
Optimizing NNI: done in 0.214509 secs using 105.1% CPU
Optimizing NNI: done in 0.214061 secs using 107.1% CPU
Optimizing NNI: done in 0.262217 secs using 105.8% CPU
Optimizing NNI: done in 0.158354 secs using 103.7% CPU
Optimizing NNI: done in 0.247543 secs using 107.3% CPU
Optimizing NNI: done in 0.214307 secs using 107.1% CPU
Optimizing NNI: done in 0.225709 secs using 109% CPU
Optimizing NNI: done in 0.176231 secs using 104.2% CPU
Iteration 130 / LogL: -3445.263 / Time: 0h:0m:58s (0h:0m:16s left)
Optimizing NNI: done in 0.196263 secs using 102.5% CPU
Optimizing NNI: done in 0.24057 secs using 107.3% CPU
Optimizing NNI: done in 0.222031 secs using 99.43% CPU
Optimizing NNI: done in 0.249008 secs using 107.3% CPU
Optimizing NNI: done in 0.216526 secs using 109.1% CPU
Optimizing NNI: done in 0.237546 secs using 109.1% CPU
Optimizing NNI: done in 0.199995 secs using 104.8% CPU
Optimizing NNI: done in 0.235184 secs using 101.7% CPU
Optimizing NNI: done in 0.204081 secs using 104.8% CPU
Optimizing NNI: done in 0.187113 secs using 102.2% CPU
Iteration 140 / LogL: -3438.192 / Time: 0h:1m:0s (0h:0m:13s left)
Optimizing NNI: done in 0.201563 secs using 106.9% CPU
Optimizing NNI: done in 0.244393 secs using 102% CPU
Optimizing NNI: done in 0.222004 secs using 101.3% CPU
Optimizing NNI: done in 0.221048 secs using 105.2% CPU
Optimizing NNI: done in 0.208409 secs using 104.9% CPU
Optimizing NNI: done in 0.254404 secs using 104% CPU
Optimizing NNI: done in 0.221894 secs using 105.2% CPU
Optimizing NNI: done in 0.219085 secs using 105.1% CPU
Optimizing NNI: done in 0.176005 secs using 109% CPU
Optimizing NNI: done in 0.179728 secs using 99.51% CPU
Iteration 150 / LogL: -3439.902 / Time: 0h:1m:2s (0h:0m:10s left)
Optimizing NNI: done in 0.219633 secs using 105.1% CPU
Optimizing NNI: done in 0.225411 secs using 107.2% CPU
Optimizing NNI: done in 0.220711 secs using 107.1% CPU
Optimizing NNI: done in 0.207252 secs using 107% CPU
Optimizing NNI: done in 0.295298 secs using 106.1% CPU
Optimizing NNI: done in 0.198807 secs using 104.8% CPU
Optimizing NNI: done in 0.216641 secs using 109% CPU
Optimizing NNI: done in 0.222845 secs using 109.1% CPU
Optimizing NNI: done in 0.263841 secs using 104.2% CPU
Optimizing NNI: done in 0.173726 secs using 106.6% CPU
Iteration 160 / LogL: -3443.817 / Time: 0h:1m:5s (0h:0m:8s left)
Optimizing NNI: done in 0.168882 secs using 106.5% CPU
Optimizing NNI: done in 0.194814 secs using 104.7% CPU
Optimizing NNI: done in 0.188814 secs using 106.8% CPU
Optimizing NNI: done in 0.245448 secs using 102.1% CPU
Optimizing NNI: done in 0.218773 secs using 105.1% CPU
Optimizing NNI: done in 0.168719 secs using 101.4% CPU
Optimizing NNI: done in 0.300944 secs using 106.2% CPU
Optimizing NNI: done in 0.224537 secs using 105.2% CPU
Optimizing NNI: done in 0.25698 secs using 102.4% CPU
Optimizing NNI: done in 0.214769 secs using 98.15% CPU
Iteration 170 / LogL: -3438.850 / Time: 0h:1m:7s (0h:0m:5s left)
Optimizing NNI: done in 0.261073 secs using 98.52% CPU
Optimizing NNI: done in 0.213087 secs using 97.95% CPU
Optimizing NNI: done in 0.242522 secs using 101.8% CPU
Optimizing NNI: done in 0.264703 secs using 95.56% CPU
Optimizing NNI: done in 0.254268 secs using 100.1% CPU
Optimizing NNI: done in 0.248229 secs using 95.07% CPU
Optimizing NNI: done in 0.204357 secs using 95.6% CPU
Optimizing NNI: done in 0.225989 secs using 98.13% CPU
Optimizing NNI: done in 0.223275 secs using 99.89% CPU
Optimizing NNI: done in 0.21011 secs using 97.89% CPU
Iteration 180 / LogL: -3438.225 / Time: 0h:1m:9s (0h:0m:3s left)
Optimizing NNI: done in 0.208802 secs using 99.81% CPU
Optimizing NNI: done in 0.218304 secs using 94.12% CPU
Optimizing NNI: done in 0.278544 secs using 97.29% CPU
Optimizing NNI: done in 0.259218 secs using 98.57% CPU
Optimizing NNI: done in 0.210871 secs using 99.82% CPU
Optimizing NNI: done in 0.21945 secs using 98.1% CPU
Optimizing NNI: done in 0.222221 secs using 99.96% CPU
Optimizing NNI: done in 0.20613 secs using 99.74% CPU
Optimizing NNI: done in 0.227006 secs using 100.1% CPU
Optimizing NNI: done in 0.211872 secs using 99.94% CPU
Iteration 190 / LogL: -3455.004 / Time: 0h:1m:12s (0h:0m:0s left)
Optimizing NNI: done in 0.266656 secs using 97.05% CPU
Optimizing NNI: done in 0.243971 secs using 87.92% CPU
Optimizing NNI: done in 0.248623 secs using 96.71% CPU
Optimizing NNI: done in 0.190832 secs using 99.67% CPU
TREE SEARCH COMPLETED AFTER 194 ITERATIONS / Time: 0h:1m:13s

--------------------------------------------------------------------
|                    FINALIZING TREE SEARCH                        |
--------------------------------------------------------------------
Performs final model parameters optimization
Estimate model parameters (epsilon = 0.010)
1. Initial log-likelihood: -3438.183
Optimal log-likelihood: -3438.183
Rate parameters:  A-C: 1.00000  A-G: 19.67003  A-T: 1.00000  C-G: 1.00000  C-T: 8.60160  G-T: 1.00000
Base frequencies:  A: 0.228  C: 0.310  G: 0.168  T: 0.293
Proportion of invariable sites: 0.575
Gamma shape alpha: 1.188
Parameters optimization took 1 rounds (0.027 sec)
BEST SCORE FOUND : -3438.183
Total tree length: 2.389

Total number of iterations: 194
CPU time used for tree search: 45.794 sec (0h:0m:45s)
Wall-clock time used for tree search: 44.469 sec (0h:0m:44s)
Total CPU time used: 76.012 sec (0h:1m:16s)
Total wall-clock time used: 73.092 sec (0h:1m:13s)

Analysis results written to: 
  IQ-TREE report:                COI_outgroup.pterois.iqtree
  Maximum-likelihood tree:       COI_outgroup.pterois.treefile
  Likelihood distances:          COI_outgroup.pterois.mldist
  Screen log file:               COI_outgroup.pterois.log

Date and Time: Wed Feb 25 20:12:07 2026
